[Selasa, 06 Agustus 2024 pukul 09.51.00 WIB] - ::1 - GET /products 
[Selasa, 06 Agustus 2024 pukul 09.51.03 WIB] - ::1 - GET /products/add 
[Selasa, 06 Agustus 2024 pukul 09.51.05 WIB] - ::1 - GET /products/1 
[Selasa, 06 Agustus 2024 pukul 09.51.08 WIB] - ::1 - GET /sekolah 
[Selasa, 06 Agustus 2024 pukul 09.51.13 WIB] - ::1 - GET /kerja 
[Selasa, 06 Agustus 2024 pukul 09.51.15 WIB] - ::1 - GET / 
[Selasa, 06 Agustus 2024 pukul 09.57.08 WIB] - ::1 - GET /admin 
[Selasa, 06 Agustus 2024 pukul 09.57.25 WIB] - ::1 - GET /admin 
[Selasa, 06 Agustus 2024 pukul 09.57.34 WIB] - ::1 - GET /admin 
[Selasa, 06 Agustus 2024 pukul 10.23.36 WIB] - ::1 - GET /products 
[Selasa, 06 Agustus 2024 pukul 10.24.01 WIB] - ::1 - GET /products?search=coffe 
[Selasa, 06 Agustus 2024 pukul 10.24.43 WIB] - ::1 - GET /products?search=coffe 
[Selasa, 06 Agustus 2024 pukul 10.25.13 WIB] - ::1 - GET /products?search=coffe&price=10000 
[Selasa, 06 Agustus 2024 pukul 10.27.33 WIB] - ::1 - GET /products?search=coffe 
[Selasa, 06 Agustus 2024 pukul 10.27.41 WIB] - ::1 - GET /products?search=coffe 
[Selasa, 06 Agustus 2024 pukul 10.27.47 WIB] - ::1 - GET /products?search=coffe 
[Selasa, 06 Agustus 2024 pukul 10.28.12 WIB] - ::1 - GET /products?search=coffe 
[Selasa, 06 Agustus 2024 pukul 10.28.20 WIB] - ::1 - GET /products?search=cheese 
[Selasa, 06 Agustus 2024 pukul 10.28.25 WIB] - ::1 - GET /products 
[Selasa, 06 Agustus 2024 pukul 10.29.11 WIB] - ::1 - GET /products 
[Selasa, 06 Agustus 2024 pukul 10.29.23 WIB] - ::1 - GET /products?search=beef 
[Selasa, 06 Agustus 2024 pukul 10.31.53 WIB] - ::1 - GET /products?search=beef&price=10000 
[Selasa, 06 Agustus 2024 pukul 10.32.02 WIB] - ::1 - GET /products?search=beef&price=100000 
[Selasa, 06 Agustus 2024 pukul 10.34.44 WIB] - ::1 - GET /products?search=beef&price=10000 
[Selasa, 06 Agustus 2024 pukul 10.34.49 WIB] - ::1 - GET /products?search=beef&price=100000 
[Selasa, 06 Agustus 2024 pukul 10.35.22 WIB] - ::1 - GET /products 
[Selasa, 06 Agustus 2024 pukul 10.35.27 WIB] - ::1 - GET /products?search=coffe 
[Selasa, 06 Agustus 2024 pukul 10.39.12 WIB] - ::1 - GET /products?search=coffe&price=10000 
[Selasa, 06 Agustus 2024 pukul 10.39.41 WIB] - ::1 - GET /products?search=coffe&price=10000 
[Selasa, 06 Agustus 2024 pukul 10.39.44 WIB] - ::1 - GET /products?search=coffe&price=100000 
[Selasa, 06 Agustus 2024 pukul 10.42.51 WIB] - ::1 - GET /login.html 
[Selasa, 06 Agustus 2024 pukul 10.43.18 WIB] - ::1 - GET /login.html 
[Selasa, 06 Agustus 2024 pukul 10.43.36 WIB] - ::1 - GET /login.html?email=admin%40mail.com&password=admin123 
[Selasa, 06 Agustus 2024 pukul 10.45.03 WIB] - ::1 - GET /login.html?email=dwefw&password=fewfwe 
[Selasa, 06 Agustus 2024 pukul 10.46.00 WIB] - ::1 - GET /login.html 
[Selasa, 06 Agustus 2024 pukul 10.46.09 WIB] - ::1 - POST /login.html 
[Selasa, 06 Agustus 2024 pukul 10.47.57 WIB] - ::1 - GET /login.html 
[Selasa, 06 Agustus 2024 pukul 10.48.01 WIB] - ::1 - POST /login.html 
[Selasa, 06 Agustus 2024 pukul 10.48.35 WIB] - ::1 - GET /login.html 
[Selasa, 06 Agustus 2024 pukul 10.48.39 WIB] - ::1 - POST /login 
[Selasa, 06 Agustus 2024 pukul 10.49.36 WIB] - ::1 - GET /login 
[Selasa, 06 Agustus 2024 pukul 10.49.40 WIB] - ::1 - GET /login.html 
[Selasa, 06 Agustus 2024 pukul 10.49.45 WIB] - ::1 - POST /login 
[Selasa, 06 Agustus 2024 pukul 10.52.37 WIB] - ::1 - GET /login 
[Selasa, 06 Agustus 2024 pukul 10.52.40 WIB] - ::1 - GET /login.html 
[Selasa, 06 Agustus 2024 pukul 10.52.44 WIB] - ::1 - POST /login 
[Selasa, 06 Agustus 2024 pukul 10.55.51 WIB] - ::ffff:127.0.0.1 - POST /login 
[Selasa, 06 Agustus 2024 pukul 10.56.59 WIB] - ::ffff:127.0.0.1 - POST /login 
[Selasa, 06 Agustus 2024 pukul 11.03.48 WIB] - ::1 - GET /login.html 
[Selasa, 06 Agustus 2024 pukul 11.03.55 WIB] - ::1 - POST /login 
[Selasa, 06 Agustus 2024 pukul 11.03.58 WIB] - ::1 - GET /login 
[Selasa, 06 Agustus 2024 pukul 11.04.01 WIB] - ::1 - GET /login.html 
[Selasa, 06 Agustus 2024 pukul 11.04.05 WIB] - ::1 - POST /login 
[Selasa, 06 Agustus 2024 pukul 11.04.08 WIB] - ::1 - GET /login 
[Selasa, 06 Agustus 2024 pukul 11.04.10 WIB] - ::1 - GET /login.html 
[Selasa, 06 Agustus 2024 pukul 11.04.12 WIB] - ::1 - POST /login 
[Selasa, 06 Agustus 2024 pukul 11.05.07 WIB] - ::1 - GET /login.html 
[Selasa, 06 Agustus 2024 pukul 11.05.10 WIB] - ::1 - POST /login 
[Selasa, 06 Agustus 2024 pukul 11.05.14 WIB] - ::1 - GET /login.html 
[Selasa, 06 Agustus 2024 pukul 11.05.19 WIB] - ::1 - POST /login 
[Selasa, 06 Agustus 2024 pukul 11.05.24 WIB] - ::1 - GET /login.html 
[Selasa, 06 Agustus 2024 pukul 11.05.27 WIB] - ::1 - POST /login 
[Selasa, 06 Agustus 2024 pukul 11.05.32 WIB] - ::1 - GET /login.html 
[Selasa, 06 Agustus 2024 pukul 11.05.41 WIB] - ::1 - POST /login 
[Selasa, 06 Agustus 2024 pukul 11.05.50 WIB] - ::1 - GET /login.html 
